Found 244 keyboard layouts
  us (U.S.) - en
  russianwin (Russian – PC) - ru
  hebrew_qwerty (Hebrew – QWERTY) - he
  byelorussian (Belarusian) - ru
  russian_phonetic (Russian – QWERTY) - ru
  russian (Russian) - ru
  colemak (Colemak) - en
  dvorak_left (Dvorak – Left-Handed) - en
  dvorak_right (Dvorak – Right-Handed) - en
  dvorak (Dvorak) - en
  dvorak_qwertycmd (Dvorak – QWERTY ⌘) - en
  abc (ABC) - en
  australian (Australian) - en
  austrian (Austrian) - en
  british_pc (British – PC) - en
  british (British) - en
  canadian_csa (Canadian – CSA) - en
  canadian (Canadian) - en
  canadianfrench_pc (Canadian – PC) - en
  irish (Irish) - en
  usinternational_pc (U.S. International – PC) - en
  hebrew (Hebrew) - he
  hebrew_pc (Hebrew – PC) - he
  ingush (Ingush) - ru
